c:\users\haris\onedrive\dokument\github\bionic-girl-sdl\bionicgirl\bionicgirl\debug\vc142.pdb
c:\users\haris\onedrive\dokument\github\bionic-girl-sdl\bionicgirl\bionicgirl\debug\vc142.idb
c:\users\haris\onedrive\dokument\github\bionic-girl-sdl\bionicgirl\bionicgirl\debug\vector2d.obj
c:\users\haris\onedrive\dokument\github\bionic-girl-sdl\bionicgirl\bionicgirl\debug\texturemanager.obj
c:\users\haris\onedrive\dokument\github\bionic-girl-sdl\bionicgirl\bionicgirl\debug\playstate.obj
c:\users\haris\onedrive\dokument\github\bionic-girl-sdl\bionicgirl\bionicgirl\debug\player.obj
c:\users\haris\onedrive\dokument\github\bionic-girl-sdl\bionicgirl\bionicgirl\debug\pausestate.obj
c:\users\haris\onedrive\dokument\github\bionic-girl-sdl\bionicgirl\bionicgirl\debug\menustate.obj
c:\users\haris\onedrive\dokument\github\bionic-girl-sdl\bionicgirl\bionicgirl\debug\main.obj
c:\users\haris\onedrive\dokument\github\bionic-girl-sdl\bionicgirl\bionicgirl\debug\gameobject.obj
c:\users\haris\onedrive\dokument\github\bionic-girl-sdl\bionicgirl\bionicgirl\debug\game.obj
c:\users\haris\onedrive\dokument\github\bionic-girl-sdl\bionicgirl\debug\bionicgirl.ilk
c:\users\haris\onedrive\dokument\github\bionic-girl-sdl\bionicgirl\debug\bionicgirl.exe
c:\users\haris\onedrive\dokument\github\bionic-girl-sdl\bionicgirl\debug\bionicgirl.pdb
c:\users\haris\onedrive\dokument\github\bionic-girl-sdl\bionicgirl\bionicgirl\debug\bionicgirl.tlog\cl.command.1.tlog
c:\users\haris\onedrive\dokument\github\bionic-girl-sdl\bionicgirl\bionicgirl\debug\bionicgirl.tlog\cl.read.1.tlog
c:\users\haris\onedrive\dokument\github\bionic-girl-sdl\bionicgirl\bionicgirl\debug\bionicgirl.tlog\cl.write.1.tlog
c:\users\haris\onedrive\dokument\github\bionic-girl-sdl\bionicgirl\bionicgirl\debug\bionicgirl.tlog\link.command.1.tlog
c:\users\haris\onedrive\dokument\github\bionic-girl-sdl\bionicgirl\bionicgirl\debug\bionicgirl.tlog\link.read.1.tlog
c:\users\haris\onedrive\dokument\github\bionic-girl-sdl\bionicgirl\bionicgirl\debug\bionicgirl.tlog\link.write.1.tlog
